<?xml version="1.0" encoding="UTF-8"?>
<!-- Generated by org.testng.reporters.JUnitReportReporter -->
<testsuite skipped="0" hostname="EPBYMINW5881" name="com.mycompany.app.AppTest" tests="1" failures="0" timestamp="18 Mar 2020 21:35:22 GMT" time="5.963" errors="0">
  <testcase name="shouldAnswerWithTrue" time="5.963" classname="com.mycompany.app.AppTest"/>
</testsuite> <!-- com.mycompany.app.AppTest -->
